INFO: [SIM 2] *************** CSIM start ***************
INFO: [SIM 4] CSIM will launch GCC as the compiler.
make[2]: Entering directory '/home-ssd/teodoro/Github/work0/NNtwoFPGA_ROBERTO/NN2FPGA/work/project_yolo_U280_20240928/yolo_U280_csim_ip/solution_nopack/csim/build'
   Compiling ../../../../../../models/tb/coco/network_tb.cc in debug mode
   Compiling ../../../../cc/src/yolo.cc in debug mode
make[2]: Leaving directory '/home-ssd/teodoro/Github/work0/NNtwoFPGA_ROBERTO/NN2FPGA/work/project_yolo_U280_20240928/yolo_U280_csim_ip/solution_nopack/csim/build'
csim.mk:84: warning: overriding recipe for target 'obj/network_tb.o'
csim.mk:78: warning: ignoring old recipe for target 'obj/network_tb.o'
In file included from /home-ssd/teodoro/Github/work0/NNtwoFPGA_ROBERTO/NN2FPGA/nn2fpga/cc/include/nn2fpga/packed_conv.h:8,
                 from ../../../../cc/src/yolo.cc:4:
/home-ssd/teodoro/Github/work0/NNtwoFPGA_ROBERTO/NN2FPGA/nn2fpga/cc/include/nn2fpga/stream_utils.h: In function ‘void nn2fpga::produce_flatten_stream(hls::stream<__STREAM_T__, 0>&, hls::stream<dout_wrap_t>*)’:
/home-ssd/teodoro/Github/work0/NNtwoFPGA_ROBERTO/NN2FPGA/nn2fpga/cc/include/nn2fpga/stream_utils.h:93:10: warning: ‘if constexpr’ only available with -std=c++17 or -std=gnu++17
       if constexpr (PREPROC == 1) {
          ^~~~~~~~~
In file included from ../../../../cc/src/yolo.cc:4:
/home-ssd/teodoro/Github/work0/NNtwoFPGA_ROBERTO/NN2FPGA/nn2fpga/cc/include/nn2fpga/packed_conv.h: In function ‘t_output nn2fpga::quant_stream(t_acc)’:
/home-ssd/teodoro/Github/work0/NNtwoFPGA_ROBERTO/NN2FPGA/nn2fpga/cc/include/nn2fpga/packed_conv.h:45:6: warning: ‘if constexpr’ only available with -std=c++17 or -std=gnu++17
   if constexpr (std::is_same<t_output_clip, std::nullptr_t>::value == false) {
      ^~~~~~~~~
/home-ssd/teodoro/Github/work0/NNtwoFPGA_ROBERTO/NN2FPGA/nn2fpga/cc/include/nn2fpga/packed_conv.h:53:6: warning: ‘if constexpr’ only available with -std=c++17 or -std=gnu++17
   if constexpr (std::is_same<t_output_mask, std::nullptr_t>::value == false) {
      ^~~~~~~~~
/home-ssd/teodoro/Github/work0/NNtwoFPGA_ROBERTO/NN2FPGA/nn2fpga/cc/include/nn2fpga/packed_conv.h: In function ‘t_output nn2fpga::quant_and_add_stream(t_acc, t_add)’:
/home-ssd/teodoro/Github/work0/NNtwoFPGA_ROBERTO/NN2FPGA/nn2fpga/cc/include/nn2fpga/packed_conv.h:74:6: warning: ‘if constexpr’ only available with -std=c++17 or -std=gnu++17
   if constexpr (std::is_same<t_output_clip, std::nullptr_t>::value == false) {
      ^~~~~~~~~
/home-ssd/teodoro/Github/work0/NNtwoFPGA_ROBERTO/NN2FPGA/nn2fpga/cc/include/nn2fpga/packed_conv.h:81:6: warning: ‘if constexpr’ only available with -std=c++17 or -std=gnu++17
   if constexpr (std::is_same<t_output_mask, std::nullptr_t>::value == false) {
      ^~~~~~~~~
/home-ssd/teodoro/Github/work0/NNtwoFPGA_ROBERTO/NN2FPGA/nn2fpga/cc/include/nn2fpga/packed_conv.h:85:6: warning: ‘if constexpr’ only available with -std=c++17 or -std=gnu++17
   if constexpr (c_relu == 1) {
      ^~~~~~~~~
/home-ssd/teodoro/Github/work0/NNtwoFPGA_ROBERTO/NN2FPGA/nn2fpga/cc/include/nn2fpga/packed_conv.h: In function ‘ap_uint<48> nn2fpga::double_packing_wrap(t_act, t_act, t_weight, t_res)’:
/home-ssd/teodoro/Github/work0/NNtwoFPGA_ROBERTO/NN2FPGA/nn2fpga/cc/include/nn2fpga/packed_conv.h:147:6: warning: ‘if constexpr’ only available with -std=c++17 or -std=gnu++17
   if constexpr (std::is_same<typename t_act::Base::Base,
      ^~~~~~~~~
/home-ssd/teodoro/Github/work0/NNtwoFPGA_ROBERTO/NN2FPGA/nn2fpga/cc/include/nn2fpga/packed_conv.h:149:8: warning: ‘if constexpr’ only available with -std=c++17 or -std=gnu++17
     if constexpr (std::is_same<
        ^~~~~~~~~
/home-ssd/teodoro/Github/work0/NNtwoFPGA_ROBERTO/NN2FPGA/nn2fpga/cc/include/nn2fpga/packed_conv.h:171:8: warning: ‘if constexpr’ only available with -std=c++17 or -std=gnu++17
     if constexpr (std::is_same<
        ^~~~~~~~~
/home-ssd/teodoro/Github/work0/NNtwoFPGA_ROBERTO/NN2FPGA/nn2fpga/cc/include/nn2fpga/packed_conv.h: In function ‘void nn2fpga::conv_pipe(t_input, const t_weight*, t_bias, uint32_t, uint32_t, uint32_t, uint32_t, const t_add_vector*, t_acc*, t_output (*)[c_iter_ops_out])’:
/home-ssd/teodoro/Github/work0/NNtwoFPGA_ROBERTO/NN2FPGA/nn2fpga/cc/include/nn2fpga/packed_conv.h:271:6: warning: ‘if constexpr’ only available with -std=c++17 or -std=gnu++17
   if constexpr (c_och_pack > 1) {
      ^~~~~~~~~
/home-ssd/teodoro/Github/work0/NNtwoFPGA_ROBERTO/NN2FPGA/nn2fpga/cc/include/nn2fpga/packed_conv.h:283:12: warning: ‘if constexpr’ only available with -std=c++17 or -std=gnu++17
         if constexpr(std::is_same<t_bias, std::nullptr_t>::value == false) {
            ^~~~~~~~~
In file included from ../../../../cc/src/yolo.cc:4:
/home-ssd/teodoro/Github/work0/NNtwoFPGA_ROBERTO/NN2FPGA/nn2fpga/cc/include/nn2fpga/packed_conv.h:333:16: warning: ‘if constexpr’ only available with -std=c++17 or -std=gnu++17
             if constexpr(std::is_same<typename t_weight_st::Base::Base, _AP_ROOT_TYPE<t_weight_st::Base::width, true>>::value) {
                ^~~~~~~~~
/home-ssd/teodoro/Github/work0/NNtwoFPGA_ROBERTO/NN2FPGA/nn2fpga/cc/include/nn2fpga/packed_conv.h:350:16: warning: ‘if constexpr’ only available with -std=c++17 or -std=gnu++17
             if constexpr(std::is_same<typename t_input_mod::Base::Base, _AP_ROOT_TYPE<t_input_mod::Base::width, true>>::value) {
                ^~~~~~~~~
/home-ssd/teodoro/Github/work0/NNtwoFPGA_ROBERTO/NN2FPGA/nn2fpga/cc/include/nn2fpga/packed_conv.h:414:14: warning: ‘if constexpr’ only available with -std=c++17 or -std=gnu++17
           if constexpr (std::is_same<t_add, std::nullptr_t>::value ==
              ^~~~~~~~~
/home-ssd/teodoro/Github/work0/NNtwoFPGA_ROBERTO/NN2FPGA/nn2fpga/cc/include/nn2fpga/packed_conv.h:438:8: warning: ‘if constexpr’ only available with -std=c++17 or -std=gnu++17
     if constexpr(c_ow_pack > 1) {
        ^~~~~~~~~
/home-ssd/teodoro/Github/work0/NNtwoFPGA_ROBERTO/NN2FPGA/nn2fpga/cc/include/nn2fpga/packed_conv.h:445:10: warning: ‘if constexpr’ only available with -std=c++17 or -std=gnu++17
       if constexpr(c_depth == 1) {
          ^~~~~~~~~
/home-ssd/teodoro/Github/work0/NNtwoFPGA_ROBERTO/NN2FPGA/nn2fpga/cc/include/nn2fpga/packed_conv.h:457:10: warning: ‘if constexpr’ only available with -std=c++17 or -std=gnu++17
       if constexpr (std::is_same<t_bias, std::nullptr_t>::value == false) {
          ^~~~~~~~~
/home-ssd/teodoro/Github/work0/NNtwoFPGA_ROBERTO/NN2FPGA/nn2fpga/cc/include/nn2fpga/packed_conv.h:458:12: warning: ‘if constexpr’ only available with -std=c++17 or -std=gnu++17
         if constexpr (c_depth == 0) {
            ^~~~~~~~~
/home-ssd/teodoro/Github/work0/NNtwoFPGA_ROBERTO/NN2FPGA/nn2fpga/cc/include/nn2fpga/packed_conv.h:478:12: warning: ‘if constexpr’ only available with -std=c++17 or -std=gnu++17
         if constexpr(c_depth == 1) {
            ^~~~~~~~~
/home-ssd/teodoro/Github/work0/NNtwoFPGA_ROBERTO/NN2FPGA/nn2fpga/cc/include/nn2fpga/packed_conv.h:485:12: warning: ‘if constexpr’ only available with -std=c++17 or -std=gnu++17
         if constexpr(std::is_same<t_bias, std::nullptr_t>::value == false) {
            ^~~~~~~~~
/home-ssd/teodoro/Github/work0/NNtwoFPGA_ROBERTO/NN2FPGA/nn2fpga/cc/include/nn2fpga/packed_conv.h:486:14: warning: ‘if constexpr’ only available with -std=c++17 or -std=gnu++17
           if constexpr(c_depth == 1) {
              ^~~~~~~~~
/home-ssd/teodoro/Github/work0/NNtwoFPGA_ROBERTO/NN2FPGA/nn2fpga/cc/include/nn2fpga/packed_conv.h:525:12: warning: ‘if constexpr’ only available with -std=c++17 or -std=gnu++17
         if constexpr(c_depth == 1) {
            ^~~~~~~~~
/home-ssd/teodoro/Github/work0/NNtwoFPGA_ROBERTO/NN2FPGA/nn2fpga/cc/include/nn2fpga/packed_conv.h:558:10: warning: ‘if constexpr’ only available with -std=c++17 or -std=gnu++17
       if constexpr(c_depth == 0) {
          ^~~~~~~~~
/home-ssd/teodoro/Github/work0/NNtwoFPGA_ROBERTO/NN2FPGA/nn2fpga/cc/include/nn2fpga/packed_conv.h:581:10: warning: ‘if constexpr’ only available with -std=c++17 or -std=gnu++17
       if constexpr(c_depth == 0) {
          ^~~~~~~~~
/home-ssd/teodoro/Github/work0/NNtwoFPGA_ROBERTO/NN2FPGA/nn2fpga/cc/include/nn2fpga/packed_conv.h:591:10: warning: ‘if constexpr’ only available with -std=c++17 or -std=gnu++17
       if constexpr(c_depth == 0) {
          ^~~~~~~~~
/home-ssd/teodoro/Github/work0/NNtwoFPGA_ROBERTO/NN2FPGA/nn2fpga/cc/include/nn2fpga/packed_conv.h:606:10: warning: ‘if constexpr’ only available with -std=c++17 or -std=gnu++17
       if constexpr (c_depth == 0) {
          ^~~~~~~~~
/home-ssd/teodoro/Github/work0/NNtwoFPGA_ROBERTO/NN2FPGA/nn2fpga/cc/include/nn2fpga/packed_conv.h:609:16: warning: ‘if constexpr’ only available with -std=c++17 or -std=gnu++17
             if constexpr (std::is_same<t_add, std::nullptr_t>::value == false) {
                ^~~~~~~~~
/home-ssd/teodoro/Github/work0/NNtwoFPGA_ROBERTO/NN2FPGA/nn2fpga/cc/include/nn2fpga/packed_conv.h:636:10: warning: ‘if constexpr’ only available with -std=c++17 or -std=gnu++17
       if constexpr(c_depth == 1) {
          ^~~~~~~~~
/home-ssd/teodoro/Github/work0/NNtwoFPGA_ROBERTO/NN2FPGA/nn2fpga/cc/include/nn2fpga/packed_conv.h:642:10: warning: ‘if constexpr’ only available with -std=c++17 or -std=gnu++17
       if constexpr(std::is_same<t_bias, std::nullptr_t>::value == false) {
          ^~~~~~~~~
/home-ssd/teodoro/Github/work0/NNtwoFPGA_ROBERTO/NN2FPGA/nn2fpga/cc/include/nn2fpga/packed_conv.h:643:12: warning: ‘if constexpr’ only available with -std=c++17 or -std=gnu++17
         if constexpr(c_depth == 0) {
            ^~~~~~~~~
/home-ssd/teodoro/Github/work0/NNtwoFPGA_ROBERTO/NN2FPGA/nn2fpga/cc/include/nn2fpga/packed_conv.h:657:12: warning: ‘if constexpr’ only available with -std=c++17 or -std=gnu++17
         if constexpr(std::is_same<t_bias, std::nullptr_t>::value == false) {
            ^~~~~~~~~
/home-ssd/teodoro/Github/work0/NNtwoFPGA_ROBERTO/NN2FPGA/nn2fpga/cc/include/nn2fpga/packed_conv.h:658:14: warning: ‘if constexpr’ only available with -std=c++17 or -std=gnu++17
           if constexpr(c_depth == 1) {
              ^~~~~~~~~
/home-ssd/teodoro/Github/work0/NNtwoFPGA_ROBERTO/NN2FPGA/nn2fpga/cc/include/nn2fpga/packed_conv.h:688:12: warning: ‘if constexpr’ only available with -std=c++17 or -std=gnu++17
         if constexpr (c_depth == 1) {
            ^~~~~~~~~
/home-ssd/teodoro/Github/work0/NNtwoFPGA_ROBERTO/NN2FPGA/nn2fpga/cc/include/nn2fpga/packed_conv.h:695:10: warning: ‘if constexpr’ only available with -std=c++17 or -std=gnu++17
       if constexpr(c_depth == 0) {
          ^~~~~~~~~
/home-ssd/teodoro/Github/work0/NNtwoFPGA_ROBERTO/NN2FPGA/nn2fpga/cc/include/nn2fpga/packed_conv.h:707:10: warning: ‘if constexpr’ only available with -std=c++17 or -std=gnu++17
       if constexpr(c_depth == 0){
          ^~~~~~~~~
/home-ssd/teodoro/Github/work0/NNtwoFPGA_ROBERTO/NN2FPGA/nn2fpga/cc/include/nn2fpga/packed_conv.h:711:10: warning: ‘if constexpr’ only available with -std=c++17 or -std=gnu++17
       if constexpr (c_depth == 0) {
          ^~~~~~~~~
/home-ssd/teodoro/Github/work0/NNtwoFPGA_ROBERTO/NN2FPGA/nn2fpga/cc/include/nn2fpga/packed_conv.h:713:14: warning: ‘if constexpr’ only available with -std=c++17 or -std=gnu++17
           if constexpr (std::is_same<t_add, std::nullptr_t>::value ==
              ^~~~~~~~~
/home-ssd/teodoro/Github/work0/NNtwoFPGA_ROBERTO/NN2FPGA/nn2fpga/cc/include/nn2fpga/packed_conv.h: In function ‘void nn2fpga::conv_comp(hls::stream<__STREAM_T__, 0>*, hls::stream<t_weight>*, hls::stream<t_bias>*, hls::stream<t_weight_1x1>*, hls::stream<t_bias_1x1>*, hls::stream<t_add_struct>*, hls::stream<t_forward_struct>*, hls::stream<t_output_struct>*, hls::stream<t_output_struct_1x1>*)’:
/home-ssd/teodoro/Github/work0/NNtwoFPGA_ROBERTO/NN2FPGA/nn2fpga/cc/include/nn2fpga/packed_conv.h:819:6: warning: ‘if constexpr’ only available with -std=c++17 or -std=gnu++17
   if constexpr (c_depth == 0) {
      ^~~~~~~~~
/home-ssd/teodoro/Github/work0/NNtwoFPGA_ROBERTO/NN2FPGA/nn2fpga/cc/include/nn2fpga/packed_conv.h:827:6: warning: ‘if constexpr’ only available with -std=c++17 or -std=gnu++17
   if constexpr(std::is_same<t_add_struct, std::nullptr_t>::value == false) {
      ^~~~~~~~~
/home-ssd/teodoro/Github/work0/NNtwoFPGA_ROBERTO/NN2FPGA/nn2fpga/cc/include/nn2fpga/packed_conv.h:927:8: warning: ‘if constexpr’ only available with -std=c++17 or -std=gnu++17
     if constexpr(std::is_same<t_add_struct, std::nullptr_t>::value == false)
        ^~~~~~~~~
/home-ssd/teodoro/Github/work0/NNtwoFPGA_ROBERTO/NN2FPGA/nn2fpga/cc/include/nn2fpga/packed_conv.h:1019:20: warning: ‘if constexpr’ only available with -std=c++17 or -std=gnu++17
                 if constexpr(std::is_same<t_weight_1x1, std::nullptr_t>::value == false) {
                    ^~~~~~~~~
/home-ssd/teodoro/Github/work0/NNtwoFPGA_ROBERTO/NN2FPGA/nn2fpga/cc/include/nn2fpga/packed_conv.h:1023:20: warning: ‘if constexpr’ only available with -std=c++17 or -std=gnu++17
                 if constexpr(std::is_same<t_bias, std::nullptr_t>::value == false) {
                    ^~~~~~~~~
/home-ssd/teodoro/Github/work0/NNtwoFPGA_ROBERTO/NN2FPGA/nn2fpga/cc/include/nn2fpga/packed_conv.h:1027:20: warning: ‘if constexpr’ only available with -std=c++17 or -std=gnu++17
                 if constexpr(std::is_same<t_bias_1x1, std::nullptr_t>::value == false) {
                    ^~~~~~~~~
/home-ssd/teodoro/Github/work0/NNtwoFPGA_ROBERTO/NN2FPGA/nn2fpga/cc/include/nn2fpga/packed_conv.h:1035:18: warning: ‘if constexpr’ only available with -std=c++17 or -std=gnu++17
               if constexpr(std::is_same<t_add_struct, std::nullptr_t>::value == false){
                  ^~~~~~~~~
/home-ssd/teodoro/Github/work0/NNtwoFPGA_ROBERTO/NN2FPGA/nn2fpga/cc/include/nn2fpga/packed_conv.h:1076:18: warning: ‘if constexpr’ only available with -std=c++17 or -std=gnu++17
               if constexpr (std::is_same<t_acc_1x1_struct,
                  ^~~~~~~~~
/home-ssd/teodoro/Github/work0/NNtwoFPGA_ROBERTO/NN2FPGA/nn2fpga/cc/include/nn2fpga/packed_conv.h:1145:22: warning: ‘if constexpr’ only available with -std=c++17 or -std=gnu++17
                   if constexpr(std::is_same<t_acc_1x1_struct, std::nullptr_t>::value == false) {
                      ^~~~~~~~~
/home-ssd/teodoro/Github/work0/NNtwoFPGA_ROBERTO/NN2FPGA/nn2fpga/cc/include/nn2fpga/packed_conv.h:1146:24: warning: ‘if constexpr’ only available with -std=c++17 or -std=gnu++17
                     if constexpr(c_ops_1x1 != c_ops){
                        ^~~~~~~~~
/home-ssd/teodoro/Github/work0/NNtwoFPGA_ROBERTO/NN2FPGA/nn2fpga/cc/include/nn2fpga/packed_conv.h:1203:18: warning: ‘if constexpr’ only available with -std=c++17 or -std=gnu++17
               if constexpr (std::is_same<t_forward_struct,
                  ^~~~~~~~~
/home-ssd/teodoro/Github/work0/NNtwoFPGA_ROBERTO/NN2FPGA/nn2fpga/cc/include/nn2fpga/packed_conv.h:1258:22: warning: ‘if constexpr’ only available with -std=c++17 or -std=gnu++17
                   if constexpr (std::is_same<t_output_struct_1x1,
                      ^~~~~~~~~
/home-ssd/teodoro/Github/work0/NNtwoFPGA_ROBERTO/NN2FPGA/nn2fpga/cc/include/nn2fpga/packed_conv.h:1330:8: warning: ‘if constexpr’ only available with -std=c++17 or -std=gnu++17
     if constexpr (std::is_same<t_add_struct, std::nullptr_t>::value == false) {
        ^~~~~~~~~
/home-ssd/teodoro/Github/work0/NNtwoFPGA_ROBERTO/NN2FPGA/nn2fpga/cc/include/nn2fpga/packed_conv.h: In function ‘void nn2fpga::conv_comp_onchip_OW_OPS_OUT(t_bias_st (*)[c_bias_ops], t_weight_st (*)[((c_och * c_ich_groups) / (c_och_ops * c_ich_ops))][(c_och_ops * c_ich_ops)], t_bias_1x1_st (*)[c_bias_ops], t_weight_1x1_st (*)[((c_och_1x1 * c_ich_groups) / (c_och_ops * c_ich_ops))][(c_och_ops * c_ich_ops)], hls::stream<__STREAM_T__, 0>*, hls::stream<t_add_struct>*, hls::stream<t_forward_struct>*, hls::stream<t_output_struct>*, hls::stream<t_output_struct_1x1>*)’:
/home-ssd/teodoro/Github/work0/NNtwoFPGA_ROBERTO/NN2FPGA/nn2fpga/cc/include/nn2fpga/packed_conv.h:1602:22: warning: ‘if constexpr’ only available with -std=c++17 or -std=gnu++17
                   if constexpr (std::is_same<t_weight_1x1,
                      ^~~~~~~~~
/home-ssd/teodoro/Github/work0/NNtwoFPGA_ROBERTO/NN2FPGA/nn2fpga/cc/include/nn2fpga/packed_conv.h:1615:24: warning: ‘if constexpr’ only available with -std=c++17 or -std=gnu++17
                     if constexpr (std::is_same<t_bias, std::nullptr_t>::value ==
                        ^~~~~~~~~
/home-ssd/teodoro/Github/work0/NNtwoFPGA_ROBERTO/NN2FPGA/nn2fpga/cc/include/nn2fpga/packed_conv.h:1620:26: warning: ‘if constexpr’ only available with -std=c++17 or -std=gnu++17
                       if constexpr (std::is_same<t_bias_1x1,
                          ^~~~~~~~~
/home-ssd/teodoro/Github/work0/NNtwoFPGA_ROBERTO/NN2FPGA/nn2fpga/cc/include/nn2fpga/packed_conv.h:1639:20: warning: ‘if constexpr’ only available with -std=c++17 or -std=gnu++17
                 if constexpr (std::is_same<t_add_struct,
                    ^~~~~~~~~
/home-ssd/teodoro/Github/work0/NNtwoFPGA_ROBERTO/NN2FPGA/nn2fpga/cc/include/nn2fpga/packed_conv.h:1684:18: warning: ‘if constexpr’ only available with -std=c++17 or -std=gnu++17
               if constexpr (std::is_same<t_acc_1x1_struct,
                  ^~~~~~~~~
/home-ssd/teodoro/Github/work0/NNtwoFPGA_ROBERTO/NN2FPGA/nn2fpga/cc/include/nn2fpga/packed_conv.h:1753:22: warning: ‘if constexpr’ only available with -std=c++17 or -std=gnu++17
                   if constexpr(std::is_same<t_acc_1x1_struct, std::nullptr_t>::value == false) {
                      ^~~~~~~~~
/home-ssd/teodoro/Github/work0/NNtwoFPGA_ROBERTO/NN2FPGA/nn2fpga/cc/include/nn2fpga/packed_conv.h:1754:24: warning: ‘if constexpr’ only available with -std=c++17 or -std=gnu++17
                     if constexpr(c_ops_1x1 != c_och_ops){
                        ^~~~~~~~~
/home-ssd/teodoro/Github/work0/NNtwoFPGA_ROBERTO/NN2FPGA/nn2fpga/cc/include/nn2fpga/packed_conv.h:1811:18: warning: ‘if constexpr’ only available with -std=c++17 or -std=gnu++17
               if constexpr (std::is_same<t_forward_struct,
                  ^~~~~~~~~
/home-ssd/teodoro/Github/work0/NNtwoFPGA_ROBERTO/NN2FPGA/nn2fpga/cc/include/nn2fpga/packed_conv.h:1866:22: warning: ‘if constexpr’ only available with -std=c++17 or -std=gnu++17
                   if constexpr (std::is_same<t_output_struct_1x1,
                      ^~~~~~~~~
/home-ssd/teodoro/Github/work0/NNtwoFPGA_ROBERTO/NN2FPGA/nn2fpga/cc/include/nn2fpga/packed_conv.h:1937:8: warning: ‘if constexpr’ only available with -std=c++17 or -std=gnu++17
     if constexpr (std::is_same<t_add_struct, std::nullptr_t>::value == false) {
        ^~~~~~~~~
/home-ssd/teodoro/Github/work0/NNtwoFPGA_ROBERTO/NN2FPGA/nn2fpga/cc/include/nn2fpga/packed_conv.h: In function ‘void nn2fpga::conv_comp_onchip_ICH(t_bias_st (*)[c_bias_ops], t_weight_st (*)[((c_och * c_ich_groups) / (c_och_ops * c_ich_ops))][(c_och_ops * c_ich_ops)], t_bias_1x1_st (*)[c_bias_ops], t_weight_1x1_st (*)[((c_och_1x1 * c_ich_groups) / (c_och_ops * c_ich_ops))][(c_och_ops * c_ich_ops)], hls::stream<__STREAM_T__, 0>*, hls::stream<t_add_struct>*, hls::stream<t_forward_struct>*, hls::stream<t_output_struct>*, hls::stream<t_output_struct_1x1>*)’:
/home-ssd/teodoro/Github/work0/NNtwoFPGA_ROBERTO/NN2FPGA/nn2fpga/cc/include/nn2fpga/packed_conv.h:2210:22: warning: ‘if constexpr’ only available with -std=c++17 or -std=gnu++17
                   if constexpr (std::is_same<t_weight_1x1,
                      ^~~~~~~~~
/home-ssd/teodoro/Github/work0/NNtwoFPGA_ROBERTO/NN2FPGA/nn2fpga/cc/include/nn2fpga/packed_conv.h:2223:24: warning: ‘if constexpr’ only available with -std=c++17 or -std=gnu++17
                     if constexpr (std::is_same<t_bias, std::nullptr_t>::value ==
                        ^~~~~~~~~
/home-ssd/teodoro/Github/work0/NNtwoFPGA_ROBERTO/NN2FPGA/nn2fpga/cc/include/nn2fpga/packed_conv.h:2228:26: warning: ‘if constexpr’ only available with -std=c++17 or -std=gnu++17
                       if constexpr (std::is_same<t_bias_1x1,
                          ^~~~~~~~~
/home-ssd/teodoro/Github/work0/NNtwoFPGA_ROBERTO/NN2FPGA/nn2fpga/cc/include/nn2fpga/packed_conv.h:2247:20: warning: ‘if constexpr’ only available with -std=c++17 or -std=gnu++17
                 if constexpr (std::is_same<t_add_struct,
                    ^~~~~~~~~
/home-ssd/teodoro/Github/work0/NNtwoFPGA_ROBERTO/NN2FPGA/nn2fpga/cc/include/nn2fpga/packed_conv.h:2292:18: warning: ‘if constexpr’ only available with -std=c++17 or -std=gnu++17
               if constexpr (std::is_same<t_acc_1x1_struct,
                  ^~~~~~~~~
/home-ssd/teodoro/Github/work0/NNtwoFPGA_ROBERTO/NN2FPGA/nn2fpga/cc/include/nn2fpga/packed_conv.h:2361:22: warning: ‘if constexpr’ only available with -std=c++17 or -std=gnu++17
                   if constexpr(std::is_same<t_acc_1x1_struct, std::nullptr_t>::value == false) {
                      ^~~~~~~~~
/home-ssd/teodoro/Github/work0/NNtwoFPGA_ROBERTO/NN2FPGA/nn2fpga/cc/include/nn2fpga/packed_conv.h:2362:24: warning: ‘if constexpr’ only available with -std=c++17 or -std=gnu++17
                     if constexpr(c_ops_1x1 != c_och_ops){
                        ^~~~~~~~~
/home-ssd/teodoro/Github/work0/NNtwoFPGA_ROBERTO/NN2FPGA/nn2fpga/cc/include/nn2fpga/packed_conv.h:2419:18: warning: ‘if constexpr’ only available with -std=c++17 or -std=gnu++17
               if constexpr (std::is_same<t_forward_struct,
                  ^~~~~~~~~
/home-ssd/teodoro/Github/work0/NNtwoFPGA_ROBERTO/NN2FPGA/nn2fpga/cc/include/nn2fpga/packed_conv.h:2474:22: warning: ‘if constexpr’ only available with -std=c++17 or -std=gnu++17
                   if constexpr (std::is_same<t_output_struct_1x1,
                      ^~~~~~~~~
/home-ssd/teodoro/Github/work0/NNtwoFPGA_ROBERTO/NN2FPGA/nn2fpga/cc/include/nn2fpga/packed_conv.h:2545:8: warning: ‘if constexpr’ only available with -std=c++17 or -std=gnu++17
     if constexpr (std::is_same<t_add_struct, std::nullptr_t>::value == false) {
        ^~~~~~~~~
/home-ssd/teodoro/Github/work0/NNtwoFPGA_ROBERTO/NN2FPGA/nn2fpga/cc/include/nn2fpga/packed_conv.h: In function ‘void nn2fpga::conv_comp_onchip_OCH(t_bias_st (*)[c_bias_ops], t_weight_st (*)[((c_och * c_ich_groups) / (c_och_ops * c_ich_ops))][(c_och_ops * c_ich_ops)], t_bias_1x1_st (*)[c_bias_ops], t_weight_1x1_st (*)[((c_och_1x1 * c_ich_groups) / (c_och_ops * c_ich_ops))][(c_och_ops * c_ich_ops)], hls::stream<__STREAM_T__, 0>*, hls::stream<t_add_struct>*, hls::stream<t_forward_struct>*, hls::stream<t_output_struct>*, hls::stream<t_output_struct_1x1>*)’:
/home-ssd/teodoro/Github/work0/NNtwoFPGA_ROBERTO/NN2FPGA/nn2fpga/cc/include/nn2fpga/packed_conv.h:2818:22: warning: ‘if constexpr’ only available with -std=c++17 or -std=gnu++17
                   if constexpr (std::is_same<t_weight_1x1,
                      ^~~~~~~~~
/home-ssd/teodoro/Github/work0/NNtwoFPGA_ROBERTO/NN2FPGA/nn2fpga/cc/include/nn2fpga/packed_conv.h:2831:24: warning: ‘if constexpr’ only available with -std=c++17 or -std=gnu++17
                     if constexpr (std::is_same<t_bias, std::nullptr_t>::value ==
                        ^~~~~~~~~
/home-ssd/teodoro/Github/work0/NNtwoFPGA_ROBERTO/NN2FPGA/nn2fpga/cc/include/nn2fpga/packed_conv.h:2836:26: warning: ‘if constexpr’ only available with -std=c++17 or -std=gnu++17
                       if constexpr (std::is_same<t_bias_1x1,
                          ^~~~~~~~~
/home-ssd/teodoro/Github/work0/NNtwoFPGA_ROBERTO/NN2FPGA/nn2fpga/cc/include/nn2fpga/packed_conv.h:2855:20: warning: ‘if constexpr’ only available with -std=c++17 or -std=gnu++17
                 if constexpr (std::is_same<t_add_struct,
                    ^~~~~~~~~
/home-ssd/teodoro/Github/work0/NNtwoFPGA_ROBERTO/NN2FPGA/nn2fpga/cc/include/nn2fpga/packed_conv.h:2900:18: warning: ‘if constexpr’ only available with -std=c++17 or -std=gnu++17
               if constexpr (std::is_same<t_acc_1x1_struct,
                  ^~~~~~~~~
/home-ssd/teodoro/Github/work0/NNtwoFPGA_ROBERTO/NN2FPGA/nn2fpga/cc/include/nn2fpga/packed_conv.h:2969:22: warning: ‘if constexpr’ only available with -std=c++17 or -std=gnu++17
                   if constexpr(std::is_same<t_acc_1x1_struct, std::nullptr_t>::value == false) {
                      ^~~~~~~~~
/home-ssd/teodoro/Github/work0/NNtwoFPGA_ROBERTO/NN2FPGA/nn2fpga/cc/include/nn2fpga/packed_conv.h:2970:24: warning: ‘if constexpr’ only available with -std=c++17 or -std=gnu++17
                     if constexpr(c_ops_1x1 != c_och_ops){
                        ^~~~~~~~~
/home-ssd/teodoro/Github/work0/NNtwoFPGA_ROBERTO/NN2FPGA/nn2fpga/cc/include/nn2fpga/packed_conv.h:3027:18: warning: ‘if constexpr’ only available with -std=c++17 or -std=gnu++17
               if constexpr (std::is_same<t_forward_struct,
                  ^~~~~~~~~
/home-ssd/teodoro/Github/work0/NNtwoFPGA_ROBERTO/NN2FPGA/nn2fpga/cc/include/nn2fpga/packed_conv.h:3082:22: warning: ‘if constexpr’ only available with -std=c++17 or -std=gnu++17
                   if constexpr (std::is_same<t_output_struct_1x1,
                      ^~~~~~~~~
/home-ssd/teodoro/Github/work0/NNtwoFPGA_ROBERTO/NN2FPGA/nn2fpga/cc/include/nn2fpga/packed_conv.h:3153:8: warning: ‘if constexpr’ only available with -std=c++17 or -std=gnu++17
     if constexpr (std::is_same<t_add_struct, std::nullptr_t>::value == false) {
        ^~~~~~~~~
/home-ssd/teodoro/Github/work0/NNtwoFPGA_ROBERTO/NN2FPGA/nn2fpga/cc/include/nn2fpga/packed_conv.h: In function ‘void nn2fpga::conv_comp_onchip(t_bias_st (*)[c_bias_ops], t_weight_st (*)[((c_och * c_ich_groups) / (c_och_ops * c_ich_ops))][(c_och_ops * c_ich_ops)], t_bias_1x1_st (*)[c_bias_ops], t_weight_1x1_st (*)[((c_och_1x1 * c_ich_groups) / (c_och_ops * c_ich_ops))][(c_och_ops * c_ich_ops)], hls::stream<__STREAM_T__, 0>*, hls::stream<t_add_struct>*, hls::stream<t_forward_struct>*, hls::stream<t_output_struct>*, hls::stream<t_output_struct_1x1>*)’:
/home-ssd/teodoro/Github/work0/NNtwoFPGA_ROBERTO/NN2FPGA/nn2fpga/cc/include/nn2fpga/packed_conv.h:3426:22: warning: ‘if constexpr’ only available with -std=c++17 or -std=gnu++17
                   if constexpr (std::is_same<t_weight_1x1,
                      ^~~~~~~~~
/home-ssd/teodoro/Github/work0/NNtwoFPGA_ROBERTO/NN2FPGA/nn2fpga/cc/include/nn2fpga/packed_conv.h:3439:24: warning: ‘if constexpr’ only available with -std=c++17 or -std=gnu++17
                     if constexpr (std::is_same<t_bias, std::nullptr_t>::value ==
                        ^~~~~~~~~
/home-ssd/teodoro/Github/work0/NNtwoFPGA_ROBERTO/NN2FPGA/nn2fpga/cc/include/nn2fpga/packed_conv.h:3444:26: warning: ‘if constexpr’ only available with -std=c++17 or -std=gnu++17
                       if constexpr (std::is_same<t_bias_1x1,
                          ^~~~~~~~~
/home-ssd/teodoro/Github/work0/NNtwoFPGA_ROBERTO/NN2FPGA/nn2fpga/cc/include/nn2fpga/packed_conv.h:3463:20: warning: ‘if constexpr’ only available with -std=c++17 or -std=gnu++17
                 if constexpr (std::is_same<t_add_struct,
                    ^~~~~~~~~
/home-ssd/teodoro/Github/work0/NNtwoFPGA_ROBERTO/NN2FPGA/nn2fpga/cc/include/nn2fpga/packed_conv.h:3508:18: warning: ‘if constexpr’ only available with -std=c++17 or -std=gnu++17
               if constexpr (std::is_same<t_acc_1x1_struct,
                  ^~~~~~~~~
/home-ssd/teodoro/Github/work0/NNtwoFPGA_ROBERTO/NN2FPGA/nn2fpga/cc/include/nn2fpga/packed_conv.h:3577:22: warning: ‘if constexpr’ only available with -std=c++17 or -std=gnu++17
                   if constexpr(std::is_same<t_acc_1x1_struct, std::nullptr_t>::value == false) {
                      ^~~~~~~~~
/home-ssd/teodoro/Github/work0/NNtwoFPGA_ROBERTO/NN2FPGA/nn2fpga/cc/include/nn2fpga/packed_conv.h:3578:24: warning: ‘if constexpr’ only available with -std=c++17 or -std=gnu++17
                     if constexpr(c_ops_1x1 != c_och_ops){
                        ^~~~~~~~~
/home-ssd/teodoro/Github/work0/NNtwoFPGA_ROBERTO/NN2FPGA/nn2fpga/cc/include/nn2fpga/packed_conv.h:3635:18: warning: ‘if constexpr’ only available with -std=c++17 or -std=gnu++17
               if constexpr (std::is_same<t_forward_struct,
                  ^~~~~~~~~
/home-ssd/teodoro/Github/work0/NNtwoFPGA_ROBERTO/NN2FPGA/nn2fpga/cc/include/nn2fpga/packed_conv.h:3690:22: warning: ‘if constexpr’ only available with -std=c++17 or -std=gnu++17
                   if constexpr (std::is_same<t_output_struct_1x1,
                      ^~~~~~~~~
/home-ssd/teodoro/Github/work0/NNtwoFPGA_ROBERTO/NN2FPGA/nn2fpga/cc/include/nn2fpga/packed_conv.h:3761:8: warning: ‘if constexpr’ only available with -std=c++17 or -std=gnu++17
     if constexpr (std::is_same<t_add_struct, std::nullptr_t>::value == false) {
        ^~~~~~~~~
/home-ssd/teodoro/Github/work0/NNtwoFPGA_ROBERTO/NN2FPGA/nn2fpga/cc/include/nn2fpga/packed_conv.h: In function ‘void nn2fpga::conv_comp_wrap(hls::stream<p_stream_t>*, bool&, hls::stream<p_stream_t>*, t_bias_st (*)[c_bias_ops], t_weight_st (*)[((c_och * c_ich_groups) / (c_och_ops * c_ich_ops))][(c_och_ops * c_ich_ops)], t_bias_1x1_st (*)[c_bias_ops], t_weight_1x1_st (*)[((c_och_1x1 * c_ich_groups) / (c_och_ops * c_ich_ops))][(c_och_ops * c_ich_ops)], hls::stream<__STREAM_T__, 0>*, hls::stream<t_add_struct>*, hls::stream<t_forward_struct>*, hls::stream<t_output_struct>*, hls::stream<t_output_struct_1x1>*)’:
/home-ssd/teodoro/Github/work0/NNtwoFPGA_ROBERTO/NN2FPGA/nn2fpga/cc/include/nn2fpga/packed_conv.h:3887:6: warning: ‘if constexpr’ only available with -std=c++17 or -std=gnu++17
   if constexpr (c_depth == 0) {
      ^~~~~~~~~
/home-ssd/teodoro/Github/work0/NNtwoFPGA_ROBERTO/NN2FPGA/nn2fpga/cc/include/nn2fpga/packed_conv.h:3895:6: warning: ‘if constexpr’ only available with -std=c++17 or -std=gnu++17
   if constexpr(std::is_same<t_add_struct, std::nullptr_t>::value == false) {
      ^~~~~~~~~
/home-ssd/teodoro/Github/work0/NNtwoFPGA_ROBERTO/NN2FPGA/nn2fpga/cc/include/nn2fpga/packed_conv.h:3988:8: warning: ‘if constexpr’ only available with -std=c++17 or -std=gnu++17
     if constexpr (std::is_same<t_bias_st, std::nullptr_t>::value == false) {
        ^~~~~~~~~
/home-ssd/teodoro/Github/work0/NNtwoFPGA_ROBERTO/NN2FPGA/nn2fpga/cc/include/nn2fpga/packed_conv.h:4014:8: warning: ‘if constexpr’ only available with -std=c++17 or -std=gnu++17
     if constexpr (std::is_same<t_weight_1x1_st, std::nullptr_t>::value ==
        ^~~~~~~~~
/home-ssd/teodoro/Github/work0/NNtwoFPGA_ROBERTO/NN2FPGA/nn2fpga/cc/include/nn2fpga/packed_conv.h:4038:8: warning: ‘if constexpr’ only available with -std=c++17 or -std=gnu++17
     if constexpr (std::is_same<t_bias_1x1_st, std::nullptr_t>::value == false) {
        ^~~~~~~~~
/home-ssd/teodoro/Github/work0/NNtwoFPGA_ROBERTO/NN2FPGA/nn2fpga/cc/include/nn2fpga/packed_conv.h:4091:6: warning: ‘if constexpr’ only available with -std=c++17 or -std=gnu++17
   if constexpr (c_och_ops_out == c_iter_ops_out && c_och_depth == c_iter_och &&
      ^~~~~~~~~
/home-ssd/teodoro/Github/work0/NNtwoFPGA_ROBERTO/NN2FPGA/nn2fpga/cc/include/nn2fpga/packed_conv.h:4167:13: warning: ‘if constexpr’ only available with -std=c++17 or -std=gnu++17
   } else if constexpr (c_och_ops_out == c_iter_ops_out && c_och_depth == c_iter_och) {
             ^~~~~~~~~
/home-ssd/teodoro/Github/work0/NNtwoFPGA_ROBERTO/NN2FPGA/nn2fpga/cc/include/nn2fpga/packed_conv.h:4243:14: warning: ‘if constexpr’ only available with -std=c++17 or -std=gnu++17
    } else if constexpr (c_och_ops_out == c_iter_ops_out) {
              ^~~~~~~~~
In file included from /home-ssd/teodoro/Github/work0/NNtwoFPGA_ROBERTO/NN2FPGA/nn2fpga/cc/include/nn2fpga/pool_streams.h:8,
                 from ../../../../cc/src/yolo.cc:5:
/home-ssd/teodoro/Github/work0/NNtwoFPGA_ROBERTO/NN2FPGA/nn2fpga/cc/include/nn2fpga/line_buffer_utils.h: In function ‘void nn2fpga::bandwidth_adjust_down_up(hls::stream<__STREAM_T__, 0>*, hls::stream<dout_wrap_t>*)’:
/home-ssd/teodoro/Github/work0/NNtwoFPGA_ROBERTO/NN2FPGA/nn2fpga/cc/include/nn2fpga/line_buffer_utils.h:200:18: warning: ‘if constexpr’ only available with -std=c++17 or -std=gnu++17
               if constexpr (!SKIP) {
                  ^~~~~~~~~
/home-ssd/teodoro/Github/work0/NNtwoFPGA_ROBERTO/NN2FPGA/nn2fpga/cc/include/nn2fpga/line_buffer_utils.h: In function ‘void nn2fpga::bandwidth_adjust_down_down(hls::stream<__STREAM_T__, 0>*, hls::stream<dout_wrap_t>*)’:
/home-ssd/teodoro/Github/work0/NNtwoFPGA_ROBERTO/NN2FPGA/nn2fpga/cc/include/nn2fpga/line_buffer_utils.h:303:18: warning: ‘if constexpr’ only available with -std=c++17 or -std=gnu++17
               if constexpr (!SKIP) {
                  ^~~~~~~~~
/home-ssd/teodoro/Github/work0/NNtwoFPGA_ROBERTO/NN2FPGA/nn2fpga/cc/include/nn2fpga/line_buffer_utils.h: In function ‘void nn2fpga::bandwidth_adjust_up_up(hls::stream<__STREAM_T__, 0>*, hls::stream<dout_wrap_t>*)’:
/home-ssd/teodoro/Github/work0/NNtwoFPGA_ROBERTO/NN2FPGA/nn2fpga/cc/include/nn2fpga/line_buffer_utils.h:383:18: warning: ‘if constexpr’ only available with -std=c++17 or -std=gnu++17
               if constexpr (!SKIP) {
                  ^~~~~~~~~
/home-ssd/teodoro/Github/work0/NNtwoFPGA_ROBERTO/NN2FPGA/nn2fpga/cc/include/nn2fpga/line_buffer_utils.h: In function ‘void nn2fpga::bandwidth_adjust(hls::stream<__STREAM_T__, 0>*, hls::stream<dout_wrap_t>*)’:
/home-ssd/teodoro/Github/work0/NNtwoFPGA_ROBERTO/NN2FPGA/nn2fpga/cc/include/nn2fpga/line_buffer_utils.h:426:6: warning: ‘if constexpr’ only available with -std=c++17 or -std=gnu++17
   if constexpr (c_ow_ops_in >= c_ow_ops_out)
      ^~~~~~~~~
/home-ssd/teodoro/Github/work0/NNtwoFPGA_ROBERTO/NN2FPGA/nn2fpga/cc/include/nn2fpga/line_buffer_utils.h:428:8: warning: ‘if constexpr’ only available with -std=c++17 or -std=gnu++17
     if constexpr (c_ops_out >= c_ops_in)
        ^~~~~~~~~
In file included from /home-ssd/teodoro/Github/work0/NNtwoFPGA_ROBERTO/NN2FPGA/nn2fpga/cc/include/nn2fpga/pool_streams.h:8,
                 from ../../../../cc/src/yolo.cc:5:
/home-ssd/teodoro/Github/work0/NNtwoFPGA_ROBERTO/NN2FPGA/nn2fpga/cc/include/nn2fpga/line_buffer_utils.h: In function ‘void nn2fpga::shift_op(hls::stream<__STREAM_T__, 0>&, hls::stream<dout_wrap_t>&, hls::stream<dout_wrap_t>&)’:
/home-ssd/teodoro/Github/work0/NNtwoFPGA_ROBERTO/NN2FPGA/nn2fpga/cc/include/nn2fpga/line_buffer_utils.h:642:14: warning: ‘if constexpr’ only available with -std=c++17 or -std=gnu++17
           if constexpr (std::is_same<dout_t, std::nullptr_t>::value == false) {
              ^~~~~~~~~
/home-ssd/teodoro/Github/work0/NNtwoFPGA_ROBERTO/NN2FPGA/nn2fpga/cc/include/nn2fpga/line_buffer_utils.h:657:6: warning: ‘if constexpr’ only available with -std=c++17 or -std=gnu++17
   if constexpr (std::is_same<dout_t, std::nullptr_t>::value == false) {
      ^~~~~~~~~
In file included from ../../../../cc/src/yolo.cc:5:
/home-ssd/teodoro/Github/work0/NNtwoFPGA_ROBERTO/NN2FPGA/nn2fpga/cc/include/nn2fpga/pool_streams.h: In function ‘void nn2fpga::pool_op(hls::stream<__STREAM_T__, 0>*, hls::stream<dout_wrap_t>*)’:
/home-ssd/teodoro/Github/work0/NNtwoFPGA_ROBERTO/NN2FPGA/nn2fpga/cc/include/nn2fpga/pool_streams.h:44:8: warning: ‘if constexpr’ only available with -std=c++17 or -std=gnu++17
     if constexpr(c_pool == 0)
        ^~~~~~~~~
/home-ssd/teodoro/Github/work0/NNtwoFPGA_ROBERTO/NN2FPGA/nn2fpga/cc/include/nn2fpga/pool_streams.h:120:22: warning: ‘if constexpr’ only available with -std=c++17 or -std=gnu++17
                   if constexpr (c_pool == 0)
                      ^~~~~~~~~
/home-ssd/teodoro/Github/work0/NNtwoFPGA_ROBERTO/NN2FPGA/nn2fpga/cc/include/nn2fpga/pool_streams.h:124:22: warning: ‘if constexpr’ only available with -std=c++17 or -std=gnu++17
                   if constexpr (c_pool == 1)
                      ^~~~~~~~~
/home-ssd/teodoro/Github/work0/NNtwoFPGA_ROBERTO/NN2FPGA/nn2fpga/cc/include/nn2fpga/pool_streams.h:137:24: warning: ‘if constexpr’ only available with -std=c++17 or -std=gnu++17
                     if constexpr (c_pool == 0)
                        ^~~~~~~~~
/home-ssd/teodoro/Github/work0/NNtwoFPGA_ROBERTO/NN2FPGA/nn2fpga/cc/include/nn2fpga/pool_streams.h: In function ‘void nn2fpga::global_pool_op(hls::stream<__STREAM_T__, 0>*, hls::stream<dout_wrap_t>*)’:
/home-ssd/teodoro/Github/work0/NNtwoFPGA_ROBERTO/NN2FPGA/nn2fpga/cc/include/nn2fpga/pool_streams.h:203:8: warning: ‘if constexpr’ only available with -std=c++17 or -std=gnu++17
     if constexpr(c_pool == 0)
        ^~~~~~~~~
/home-ssd/teodoro/Github/work0/NNtwoFPGA_ROBERTO/NN2FPGA/nn2fpga/cc/include/nn2fpga/pool_streams.h:265:18: warning: ‘if constexpr’ only available with -std=c++17 or -std=gnu++17
               if constexpr (c_pool == 0)
                  ^~~~~~~~~
/home-ssd/teodoro/Github/work0/NNtwoFPGA_ROBERTO/NN2FPGA/nn2fpga/cc/include/nn2fpga/pool_streams.h:281:20: warning: ‘if constexpr’ only available with -std=c++17 or -std=gnu++17
                 if constexpr (c_pool == 0)
                    ^~~~~~~~~
In file included from ../../../../cc/src/yolo.cc:11:
/home-ssd/teodoro/Github/work0/NNtwoFPGA_ROBERTO/NN2FPGA/nn2fpga/cc/include/nn2fpga/weights_utils.h: In function ‘void nn2fpga::produce_stream(din_bias_t (*)[BIAS_OPS], din_weight_t (*)[((OCH * ICH) / (OCH_OPS * ICH_OPS))][(OCH_OPS * ICH_OPS)], din_bias1x1_t (*)[BIAS_OPS], din_weight1x1_t (*)[((OCH * ICH) / (OCH_OPS * ICH_OPS))][(OCH_OPS * ICH_OPS)], hls::stream<t_weight>*, hls::stream<dout_weight_t>*, hls::stream<t_bias>*, hls::stream<t_add_struct>*)’:
/home-ssd/teodoro/Github/work0/NNtwoFPGA_ROBERTO/NN2FPGA/nn2fpga/cc/include/nn2fpga/weights_utils.h:269:6: warning: ‘if constexpr’ only available with -std=c++17 or -std=gnu++17
   if constexpr (std::is_same<din_bias_t, std::nullptr_t>::value == false) {
      ^~~~~~~~~
/home-ssd/teodoro/Github/work0/NNtwoFPGA_ROBERTO/NN2FPGA/nn2fpga/cc/include/nn2fpga/weights_utils.h:284:6: warning: ‘if constexpr’ only available with -std=c++17 or -std=gnu++17
   if constexpr (std::is_same<din_weight1x1_t, std::nullptr_t>::value == false) {
      ^~~~~~~~~
/home-ssd/teodoro/Github/work0/NNtwoFPGA_ROBERTO/NN2FPGA/nn2fpga/cc/include/nn2fpga/weights_utils.h:303:6: warning: ‘if constexpr’ only available with -std=c++17 or -std=gnu++17
   if constexpr (std::is_same<din_bias1x1_t, std::nullptr_t>::value == false) {
      ^~~~~~~~~
/home-ssd/teodoro/Github/work0/NNtwoFPGA_ROBERTO/NN2FPGA/nn2fpga/cc/include/nn2fpga/weights_utils.h: In function ‘void nn2fpga::produce_shift_stream(din_bias_t (*)[BIAS_OPS], din_weight_t (*)[((OCH * ICH) / (OCH_OPS * ICH_OPS))][(OCH_OPS * ICH_OPS)], din_bias1x1_t (*)[BIAS_OPS], din_weight1x1_t (*)[((OCH * ICH) / (OCH_OPS * ICH_OPS))][(OCH_OPS * ICH_OPS)], hls::stream<t_weight>*, bool&, hls::stream<dout_weight_t>*, hls::stream<t_bias>*, hls::stream<t_add_struct>*, hls::stream<t_add_struct>*, hls::stream<t_weight>*)’:
/home-ssd/teodoro/Github/work0/NNtwoFPGA_ROBERTO/NN2FPGA/nn2fpga/cc/include/nn2fpga/weights_utils.h:415:8: warning: ‘if constexpr’ only available with -std=c++17 or -std=gnu++17
     if constexpr (std::is_same<din_bias_t, std::nullptr_t>::value == false) {
        ^~~~~~~~~
/home-ssd/teodoro/Github/work0/NNtwoFPGA_ROBERTO/NN2FPGA/nn2fpga/cc/include/nn2fpga/weights_utils.h:440:8: warning: ‘if constexpr’ only available with -std=c++17 or -std=gnu++17
     if constexpr (std::is_same<din_weight1x1_t, std::nullptr_t>::value ==
        ^~~~~~~~~
/home-ssd/teodoro/Github/work0/NNtwoFPGA_ROBERTO/NN2FPGA/nn2fpga/cc/include/nn2fpga/weights_utils.h:464:8: warning: ‘if constexpr’ only available with -std=c++17 or -std=gnu++17
     if constexpr (std::is_same<din_bias1x1_t, std::nullptr_t>::value == false) {
        ^~~~~~~~~
../../../../cc/src/yolo.cc: In function ‘void yolo(hls::stream<hls::axis<ap_uint<64>, 0, 0, 0, 56, false> >&, hls::stream<hls::axis<ap_uint<8>, 0, 0, 0, 56, false> >&, hls::stream<hls::axis<ap_ufixed<8, 3, (ap_q_mode)4, (ap_o_mode)0>, 0, 0, 0> >&, hls::stream<hls::axis<ap_ufixed<8, 3, (ap_q_mode)4, (ap_o_mode)0>, 0, 0, 0> >&)’:
../../../../cc/src/yolo.cc:4484:2: error: no matching function for call to ‘concat_op<t_net_20_struct, c_node_concat_17_feature_map, 128, 256, 384, 4, c_node_concat_17_ow_ops_in>(hls::stream<t_net_20_struct> [1], hls::stream<t_net_14_struct> [2], hls::stream<t_net_24_struct> [1])’
  );
  ^
In file included from /home-ssd/teodoro/Github/work0/NNtwoFPGA_ROBERTO/NN2FPGA/nn2fpga/cc/include/nn2fpga/packed_conv.h:7,
                 from ../../../../cc/src/yolo.cc:4:
/home-ssd/teodoro/Github/work0/NNtwoFPGA_ROBERTO/NN2FPGA/nn2fpga/cc/include/nn2fpga/activations_utils.h:133:6: note: candidate: ‘template<class t_input, long unsigned int c_feature_map, long unsigned int c_ich1, long unsigned int c_ich2, long unsigned int c_och, long unsigned int c_ops, long unsigned int c_ow_ops_in> void nn2fpga::concat_op(hls::stream<__STREAM_T__, 0>*, hls::stream<__STREAM_T__, 0>*, hls::stream<__STREAM_T__, 0>*)’
 void concat_op(
      ^~~~~~~~~
/home-ssd/teodoro/Github/work0/NNtwoFPGA_ROBERTO/NN2FPGA/nn2fpga/cc/include/nn2fpga/activations_utils.h:133:6: note:   template argument deduction/substitution failed:
../../../../cc/src/yolo.cc:4482:3: note:   cannot convert ‘s_net_14_dup_1’ (type ‘hls::stream<t_net_14_struct> [2]’) to type ‘hls::stream<t_net_20_struct>*’
   s_net_14_dup_1,
   ^~~~~~~~~~~~~~
In file included from /home-ssd/teodoro/Github/work0/NNtwoFPGA_ROBERTO/NN2FPGA/nn2fpga/cc/include/nn2fpga/pool_streams.h:8,
                 from ../../../../cc/src/yolo.cc:5:
/home-ssd/teodoro/Github/work0/NNtwoFPGA_ROBERTO/NN2FPGA/nn2fpga/cc/include/nn2fpga/line_buffer_utils.h: In instantiation of ‘void nn2fpga::shift_op(hls::stream<__STREAM_T__, 0>&, hls::stream<dout_wrap_t>&, hls::stream<dout_wrap_t>&) [with din_t = t_net_18_struct; dcomp_t = t_net_18_dup_1_lb_struct; dout_t = std::nullptr_t; int ICH = 256; int OCH = 128; int IH = 13; int IW = 13; int OH = 13; int OW = 13; int c_fh = 1; int c_fw = 1; int c_str = 1; int c_pad = 0; int c_pos_h = 0; int c_pos_w = 0; int c_ow_ops = 1; int c_ops = 1; int c_ops_out = 8]’:
../../../../cc/src/yolo.cc:4369:2:   required from here
/home-ssd/teodoro/Github/work0/NNtwoFPGA_ROBERTO/NN2FPGA/nn2fpga/cc/include/nn2fpga/line_buffer_utils.h:519:35: error: static assertion failed: c_ops must be a multiple of c_ops_out
   static_assert(c_ops % c_ops_out == 0, "c_ops must be a multiple of c_ops_out");
                 ~~~~~~~~~~~~~~~~~~^~~~
/home-ssd/teodoro/Github/work0/NNtwoFPGA_ROBERTO/NN2FPGA/nn2fpga/cc/include/nn2fpga/line_buffer_utils.h:520:23: error: static assertion failed: c_ops must be bigger than c_ops_out
   static_assert(c_ops >= c_ops_out, "c_ops must be bigger than c_ops_out");
                 ~~~~~~^~~~~~~~~~~~
In file included from /home-ssd/teodoro/Github/work0/NNtwoFPGA_ROBERTO/NN2FPGA/nn2fpga/cc/include/nn2fpga/pool_streams.h:8,
                 from ../../../../cc/src/yolo.cc:5:
/home-ssd/teodoro/Github/work0/NNtwoFPGA_ROBERTO/NN2FPGA/nn2fpga/cc/include/nn2fpga/line_buffer_utils.h: In instantiation of ‘void nn2fpga::shift_op(hls::stream<__STREAM_T__, 0>&, hls::stream<dout_wrap_t>&, hls::stream<dout_wrap_t>&) [with din_t = t_net_24_struct; dcomp_t = t_net_24_lb_struct; dout_t = t_net_24_lb_struct; int ICH = 384; int OCH = 256; int IH = 26; int IW = 26; int OH = 26; int OW = 26; int c_fh = 3; int c_fw = 3; int c_str = 1; int c_pad = 1; int c_pos_h = 2; int c_pos_w = 2; int c_ow_ops = 1; int c_ops = 24; int c_ops_out = 24]’:
../../../../cc/src/yolo.cc:4509:2:   required from here
/home-ssd/teodoro/Github/work0/NNtwoFPGA_ROBERTO/NN2FPGA/nn2fpga/cc/include/nn2fpga/line_buffer_utils.h:635:30: error: no match for ‘operator[]’ (operand types are ‘af_bit_ref<8, 3, false, (ap_q_mode)4, (ap_o_mode)0, 0>’ and ‘int’)
               s_input.data[0][s_index_read + s_index_ops];
               ~~~~~~~~~~~~~~~^
make[2]: *** [csim.mk:103: obj/yolo.o] Error 1
ERR: [SIM 100] 'csim_design' failed: compilation error(s).
INFO: [SIM 3] *************** CSIM finish ***************
